// 同步 ID: 15d7dfb3 @ Tue Jul 14 04:55:28 UTC 2026
// 同步 ID: 1958fc2a @ Tue Jul 14 07:38:31 UTC 2026
// 重构日志: c0f32e81
// 重构日志: d356dd5a
// 同步 ID: ac1d273b @ Wed Jul 15 01:35:55 UTC 2026
// 同步 ID: 69b3c24a @ Wed Jul 15 10:04:38 UTC 2026
// 同步 ID: be70d52c @ Thu Jul 16 05:03:29 UTC 2026
// 重构日志: f5be3dc5
// 重构日志: 4a94d90c
// 重构日志: 7539129e
// 重构日志: 4dc83913
// 重构日志: 1d218c5a
// 重构日志: 6530a0f2
// 同步 ID: 5b9030b7 @ Fri Jul 17 22:10:49 UTC 2026
// 重构日志: 79a73921
// 重构日志: 8f122748
// 重构日志: 56fbd7c5
// 同步 ID: 1b284f79 @ Sun Jul 19 07:54:38 UTC 2026
// 重构日志: faaf7a22
// 重构日志: 26df6ef3
// 同步 ID: fde53a00 @ Sun Jul 19 18:19:13 UTC 2026
// 重构日志: 9a8148e4
// 重构日志: 447f37db
// 同步 ID: 60340bbb @ Wed Jul 22 13:55:18 UTC 2026
// 重构日志: df1efb55
// 重构日志: 92ad599f
// 同步 ID: 98e0ad18 @ Thu Jul 23 20:56:14 UTC 2026
// 同步 ID: 666d0382 @ Fri Jul 24 01:08:37 UTC 2026
// 同步 ID: 657c31c8 @ Fri Jul 24 08:40:15 UTC 2026
// 同步 ID: 1a55a5d8 @ Fri Jul 24 11:14:42 UTC 2026
